2026-02-14 00:00:00 - utils.logger - INFO - 主窗口初始化完成
2026-02-14 00:00:13 - utils.logger - INFO - 手势识别已启动
2026-02-14 00:00:22 - utils.logger - INFO - 鼠标控制已开启
2026-02-14 00:00:23 - utils.logger - INFO - 鼠标控制已关闭
2026-02-14 00:01:30 - utils.logger - INFO - 程序正在关闭...
2026-02-14 00:01:31 - utils.logger - INFO - 资源已释放，程序退出
2026-02-14 00:04:08 - utils.logger - INFO - 主窗口初始化完成
2026-02-14 00:04:18 - utils.logger - INFO - 鼠标控制已开启
2026-02-14 00:04:22 - utils.logger - INFO - 手势识别已启动
2026-02-14 00:05:17 - utils.logger - INFO - 识别已暂停
2026-02-14 00:05:30 - utils.logger - INFO - 识别已恢复
2026-02-14 00:06:20 - utils.logger - INFO - 程序正在关闭...
2026-02-14 00:06:20 - utils.logger - INFO - 资源已释放，程序退出
2026-02-14 00:09:27 - utils.logger - INFO - 主窗口初始化完成
2026-02-14 00:09:41 - utils.logger - INFO - 手势识别已启动
2026-02-14 00:09:44 - utils.logger - INFO - 鼠标控制已开启
2026-02-14 00:10:57 - utils.logger - INFO - 鼠标控制已关闭
2026-02-14 00:12:44 - utils.logger - INFO - 主窗口初始化完成
2026-02-14 00:12:56 - utils.logger - INFO - 手势识别已启动
2026-02-14 00:12:57 - utils.logger - INFO - 鼠标控制已开启
2026-02-14 00:13:03 - utils.logger - INFO - 识别已暂停
2026-02-14 00:13:24 - utils.logger - INFO - 程序正在关闭...
2026-02-14 00:13:25 - utils.logger - INFO - 资源已释放，程序退出
2026-02-14 15:50:16 - utils.logger - INFO - 主窗口初始化完成
2026-02-14 15:50:27 - utils.logger - INFO - 手势识别已启动
2026-02-14 15:50:42 - utils.logger - INFO - 鼠标控制已开启
2026-02-14 15:51:36 - utils.logger - INFO - 识别已暂停
2026-02-14 15:51:39 - utils.logger - INFO - 识别已恢复
2026-02-14 15:51:48 - utils.logger - INFO - 程序正在关闭...
2026-02-14 15:51:48 - utils.logger - INFO - 资源已释放，程序退出
2026-02-14 16:24:00 - utils.logger - INFO - 主窗口初始化完成
2026-02-14 16:24:14 - utils.logger - INFO - 手势识别已启动
2026-02-14 16:24:15 - utils.logger - INFO - 鼠标控制已开启
2026-02-14 16:24:23 - utils.logger - INFO - 鼠标控制已关闭
2026-02-14 16:24:47 - utils.logger - INFO - 程序正在关闭...
2026-02-14 16:24:48 - utils.logger - INFO - 资源已释放，程序退出
2026-02-14 16:28:23 - utils.logger - INFO - 主窗口初始化完成
2026-02-14 16:29:32 - utils.logger - INFO - 手势识别已启动
2026-02-14 16:29:38 - utils.logger - INFO - 鼠标控制已开启
2026-02-14 16:29:59 - utils.logger - INFO - 识别已暂停
2026-02-14 16:35:24 - utils.logger - INFO - 主窗口初始化完成
2026-02-14 16:36:20 - utils.logger - ERROR - 启动识别失败: 'MouseController' object has no attribute 'update_screen_size'
2026-02-14 16:36:56 - utils.logger - ERROR - 启动识别失败: 'MouseController' object has no attribute 'update_screen_size'
2026-02-14 16:39:14 - utils.logger - INFO - 程序正在关闭...
2026-02-14 16:39:14 - utils.logger - INFO - 资源已释放，程序退出
2026-02-14 16:39:18 - utils.logger - INFO - 主窗口初始化完成
2026-02-14 16:39:29 - utils.logger - INFO - 手势识别已启动
2026-02-14 16:39:35 - utils.logger - INFO - 鼠标控制已开启
2026-02-14 16:39:51 - utils.logger - INFO - 程序正在关闭...
2026-02-14 16:39:52 - utils.logger - INFO - 资源已释放，程序退出
2026-02-14 16:47:14 - utils.logger - INFO - 主窗口初始化完成
2026-02-14 16:47:25 - utils.logger - INFO - 手势识别已启动
2026-02-14 16:47:31 - utils.logger - INFO - 鼠标控制已开启
2026-02-14 16:48:44 - utils.logger - INFO - 程序正在关闭...
2026-02-14 16:48:45 - utils.logger - INFO - 资源已释放，程序退出
2026-02-14 16:48:59 - utils.logger - INFO - 主窗口初始化完成
2026-02-14 16:49:12 - utils.logger - INFO - 手势识别已启动
2026-02-14 16:49:21 - utils.logger - INFO - 鼠标控制已开启
2026-02-14 16:55:45 - utils.logger - INFO - 程序正在关闭...
2026-02-14 16:55:46 - utils.logger - INFO - 资源已释放，程序退出
2026-02-14 16:57:31 - utils.logger - INFO - 主窗口初始化完成
2026-02-14 16:57:46 - utils.logger - INFO - 手势识别已启动
2026-02-14 16:57:51 - utils.logger - INFO - 鼠标控制已开启
2026-02-14 17:02:19 - utils.logger - INFO - 程序正在关闭...
2026-02-14 17:02:19 - utils.logger - INFO - 资源已释放，程序退出
2026-02-14 17:03:04 - utils.logger - INFO - 主窗口初始化完成
2026-02-14 17:03:20 - utils.logger - INFO - 手势识别已启动
2026-02-14 17:03:27 - utils.logger - INFO - 手势识别已启动
2026-02-14 17:03:28 - utils.logger - INFO - 鼠标控制已开启
2026-02-14 17:05:19 - utils.logger - INFO - 程序正在关闭...
2026-02-14 17:05:19 - utils.logger - INFO - 资源已释放，程序退出
2026-02-14 17:06:49 - utils.logger - INFO - 主窗口初始化完成
2026-02-14 17:07:10 - utils.logger - INFO - 手势识别已启动
2026-02-14 17:07:18 - utils.logger - INFO - 鼠标控制已开启
2026-02-14 17:11:03 - utils.logger - INFO - 程序正在关闭...
2026-02-14 17:11:04 - utils.logger - INFO - 资源已释放，程序退出
2026-02-14 17:12:04 - utils.logger - INFO - 主窗口初始化完成
2026-02-14 17:12:46 - utils.logger - INFO - 程序正在关闭...
2026-02-14 17:12:46 - utils.logger - INFO - 资源已释放，程序退出
2026-02-14 17:14:01 - utils.logger - INFO - 主窗口初始化完成
2026-02-14 17:14:14 - utils.logger - INFO - 手势识别已启动
2026-02-14 17:14:30 - utils.logger - INFO - 手势识别已启动
2026-02-14 17:14:35 - utils.logger - INFO - 手势识别已启动
2026-02-14 17:15:58 - utils.logger - INFO - 程序正在关闭...
2026-02-14 17:15:58 - utils.logger - INFO - 资源已释放，程序退出
2026-02-14 17:18:45 - utils.logger - INFO - 主窗口初始化完成
2026-02-14 17:18:59 - utils.logger - INFO - 手势识别已启动
2026-02-14 17:19:06 - utils.logger - INFO - 鼠标控制已开启
2026-02-14 17:26:13 - utils.logger - INFO - 主窗口初始化完成
2026-02-14 17:26:25 - utils.logger - ERROR - 启动识别失败: 'AdvancedMouseController' object has no attribute 'update_screen_size'
2026-02-14 17:26:58 - utils.logger - ERROR - 启动识别失败: 'AdvancedMouseController' object has no attribute 'update_screen_size'
2026-02-14 17:27:28 - utils.logger - INFO - 程序正在关闭...
2026-02-14 17:27:28 - utils.logger - ERROR - 关闭程序时出错: 'AdvancedMouseController' object has no attribute 'release_all_buttons'
2026-02-14 17:27:46 - utils.logger - INFO - 主窗口初始化完成
2026-02-14 17:27:59 - utils.logger - INFO - 手势识别已启动
2026-02-14 17:28:05 - utils.logger - INFO - 鼠标控制已开启
2026-02-14 17:28:29 - utils.logger - INFO - 主窗口初始化完成
2026-02-14 17:28:34 - utils.logger - INFO - 程序正在关闭...
2026-02-14 17:28:34 - utils.logger - ERROR - 关闭程序时出错: 'AdvancedMouseController' object has no attribute 'release_all_buttons'
2026-02-14 17:28:49 - utils.logger - INFO - 手势识别已启动
2026-02-14 17:29:00 - utils.logger - INFO - 鼠标控制已开启
2026-02-14 17:29:35 - utils.logger - INFO - 程序正在关闭...
2026-02-14 17:29:35 - utils.logger - INFO - 资源已释放，程序退出
2026-02-14 17:30:09 - utils.logger - INFO - 主窗口初始化完成
2026-02-14 17:30:21 - utils.logger - INFO - 手势识别已启动
2026-02-14 17:30:29 - utils.logger - INFO - 鼠标控制已开启
2026-02-14 17:40:08 - utils.logger - INFO - 程序正在关闭...
2026-02-14 17:40:09 - utils.logger - INFO - 资源已释放，程序退出
2026-02-14 17:40:13 - utils.logger - INFO - 主窗口初始化完成
2026-02-14 17:40:25 - utils.logger - INFO - 手势识别已启动
2026-02-14 17:40:34 - utils.logger - INFO - 鼠标控制已开启
