2026-02-15 00:01:28 - utils.logger - INFO - 主窗口初始化完成
2026-02-15 00:01:41 - utils.logger - INFO - 手势识别已启动
2026-02-15 00:01:47 - utils.logger - INFO - 鼠标控制已开启
2026-02-15 00:02:22 - utils.logger - INFO - 主窗口初始化完成
2026-02-15 00:02:33 - utils.logger - INFO - 手势识别已启动
2026-02-15 00:02:36 - utils.logger - INFO - 鼠标控制已开启
2026-02-15 00:02:50 - utils.logger - INFO - 程序正在关闭...
2026-02-15 00:02:51 - utils.logger - INFO - 资源已释放，程序退出
2026-02-15 00:05:15 - utils.logger - INFO - 主窗口初始化完成
2026-02-15 00:05:36 - utils.logger - INFO - 手势识别已启动
2026-02-15 00:05:39 - utils.logger - INFO - 鼠标控制已开启
2026-02-15 00:05:45 - utils.logger - INFO - 程序正在关闭...
2026-02-15 00:05:46 - utils.logger - INFO - 资源已释放，程序退出
2026-02-15 00:07:33 - utils.logger - INFO - 主窗口初始化完成
2026-02-15 00:07:52 - utils.logger - INFO - 手势识别已启动
2026-02-15 00:07:55 - utils.logger - INFO - 鼠标控制已开启
2026-02-15 00:08:06 - utils.logger - INFO - 程序正在关闭...
2026-02-15 00:08:07 - utils.logger - INFO - 资源已释放，程序退出
2026-02-15 00:10:03 - utils.logger - INFO - 主窗口初始化完成
2026-02-15 00:10:25 - utils.logger - INFO - 手势识别已启动
2026-02-15 00:10:27 - utils.logger - INFO - 鼠标控制已开启
2026-02-15 00:10:28 - utils.logger - INFO - 鼠标控制已关闭
2026-02-15 00:10:36 - utils.logger - INFO - 程序正在关闭...
2026-02-15 00:10:36 - utils.logger - INFO - 资源已释放，程序退出
2026-02-15 00:11:48 - utils.logger - INFO - 主窗口初始化完成
2026-02-15 00:12:06 - utils.logger - INFO - 手势识别已启动
2026-02-15 00:12:10 - utils.logger - INFO - 鼠标控制已开启
2026-02-15 00:13:43 - utils.logger - INFO - 程序正在关闭...
2026-02-15 00:13:44 - utils.logger - INFO - 资源已释放，程序退出
2026-02-15 00:13:46 - utils.logger - INFO - 主窗口初始化完成
2026-02-15 00:13:59 - utils.logger - INFO - 手势识别已启动
2026-02-15 00:14:01 - utils.logger - INFO - 鼠标控制已开启
2026-02-15 00:14:08 - utils.logger - INFO - 程序正在关闭...
2026-02-15 00:14:09 - utils.logger - INFO - 资源已释放，程序退出
2026-02-15 00:19:42 - utils.logger - INFO - 主窗口初始化完成 - 300FPS极致性能版
2026-02-15 00:27:11 - utils.logger - INFO - 主窗口初始化完成
2026-02-15 00:27:28 - utils.logger - INFO - 手势识别已启动
2026-02-15 00:27:31 - utils.logger - INFO - 鼠标控制已开启
2026-02-15 00:27:51 - utils.logger - INFO - 程序正在关闭...
2026-02-15 00:27:52 - utils.logger - INFO - 资源已释放，程序退出
2026-02-15 00:32:45 - utils.logger - INFO - 主窗口初始化完成
2026-02-15 00:33:01 - utils.logger - ERROR - 启动识别失败: 'MouseController' object has no attribute 'gesture_mapper'
2026-02-15 00:33:19 - utils.logger - ERROR - 启动识别失败: 'MouseController' object has no attribute 'gesture_mapper'
2026-02-15 00:34:16 - utils.logger - INFO - 主窗口初始化完成
2026-02-15 00:34:19 - utils.logger - INFO - 程序正在关闭...
2026-02-15 00:34:19 - utils.logger - INFO - 资源已释放，程序退出
2026-02-15 00:34:31 - utils.logger - INFO - 手势识别已启动
2026-02-15 00:34:33 - utils.logger - INFO - 鼠标控制已开启
2026-02-15 00:34:46 - utils.logger - INFO - 程序正在关闭...
2026-02-15 00:34:46 - utils.logger - INFO - 资源已释放，程序退出
2026-02-15 00:37:11 - utils.logger - INFO - 主窗口初始化完成
2026-02-15 00:37:22 - utils.logger - INFO - 手势识别已启动
2026-02-15 00:37:24 - utils.logger - INFO - 鼠标控制已开启
2026-02-15 00:38:32 - utils.logger - INFO - 程序正在关闭...
2026-02-15 00:38:33 - utils.logger - INFO - 资源已释放，程序退出
2026-02-15 00:38:35 - utils.logger - INFO - 主窗口初始化完成
2026-02-15 00:38:53 - utils.logger - INFO - 手势识别已启动
2026-02-15 00:38:55 - utils.logger - INFO - 鼠标控制已开启
2026-02-15 00:40:13 - utils.logger - INFO - 程序正在关闭...
2026-02-15 00:40:14 - utils.logger - INFO - 资源已释放，程序退出
2026-02-15 00:42:07 - utils.logger - INFO - 主窗口初始化完成
2026-02-15 00:42:35 - utils.logger - INFO - 手势识别已启动
2026-02-15 00:42:37 - utils.logger - INFO - 鼠标控制已开启
2026-02-15 00:44:13 - utils.logger - INFO - 手势识别已启动
2026-02-15 00:44:37 - utils.logger - INFO - 程序正在关闭...
2026-02-15 00:44:38 - utils.logger - INFO - 资源已释放，程序退出
2026-02-15 00:45:48 - utils.logger - INFO - 主窗口初始化完成
2026-02-15 00:46:02 - utils.logger - INFO - 手势识别已启动
2026-02-15 00:52:25 - utils.logger - INFO - 主窗口初始化完成
2026-02-15 00:52:45 - utils.logger - INFO - 手势识别已启动
2026-02-15 00:52:47 - utils.logger - INFO - 鼠标控制已开启
2026-02-15 00:53:16 - utils.logger - INFO - 程序正在关闭...
2026-02-15 00:53:17 - utils.logger - INFO - 资源已释放，程序退出
2026-02-15 00:58:01 - utils.logger - INFO - 主窗口初始化完成
2026-02-15 00:58:26 - utils.logger - INFO - 手势识别已启动
2026-02-15 00:58:28 - utils.logger - INFO - 鼠标控制已开启
2026-02-15 00:58:31 - utils.logger - ERROR - 防抖动识别循环出错: name 'math' is not defined
2026-02-15 00:58:31 - utils.logger - ERROR - 防抖动识别循环出错: name 'math' is not defined
2026-02-15 00:58:31 - utils.logger - ERROR - 防抖动识别循环出错: name 'math' is not defined
2026-02-15 00:58:31 - utils.logger - ERROR - 防抖动识别循环出错: name 'math' is not defined
2026-02-15 00:58:33 - utils.logger - ERROR - 防抖动识别循环出错: name 'math' is not defined
2026-02-15 00:58:33 - utils.logger - ERROR - 防抖动识别循环出错: name 'math' is not defined
2026-02-15 00:58:33 - utils.logger - ERROR - 防抖动识别循环出错: name 'math' is not defined
2026-02-15 00:58:33 - utils.logger - ERROR - 防抖动识别循环出错: name 'math' is not defined
2026-02-15 00:58:33 - utils.logger - ERROR - 防抖动识别循环出错: name 'math' is not defined
2026-02-15 00:58:34 - utils.logger - ERROR - 防抖动识别循环出错: name 'math' is not defined
2026-02-15 00:58:34 - utils.logger - ERROR - 防抖动识别循环出错: name 'math' is not defined
2026-02-15 00:58:34 - utils.logger - ERROR - 防抖动识别循环出错: name 'math' is not defined
2026-02-15 00:58:38 - utils.logger - ERROR - 防抖动识别循环出错: name 'math' is not defined
2026-02-15 00:58:38 - utils.logger - ERROR - 防抖动识别循环出错: name 'math' is not defined
2026-02-15 00:58:38 - utils.logger - ERROR - 防抖动识别循环出错: name 'math' is not defined
2026-02-15 00:58:38 - utils.logger - ERROR - 防抖动识别循环出错: name 'math' is not defined
2026-02-15 00:58:39 - utils.logger - ERROR - 防抖动识别循环出错: name 'math' is not defined
2026-02-15 00:58:39 - utils.logger - ERROR - 防抖动识别循环出错: name 'math' is not defined
2026-02-15 00:58:39 - utils.logger - ERROR - 防抖动识别循环出错: name 'math' is not defined
2026-02-15 00:58:39 - utils.logger - ERROR - 防抖动识别循环出错: name 'math' is not defined
2026-02-15 00:58:39 - utils.logger - ERROR - 防抖动识别循环出错: name 'math' is not defined
2026-02-15 00:58:39 - utils.logger - ERROR - 防抖动识别循环出错: name 'math' is not defined
2026-02-15 00:58:39 - utils.logger - ERROR - 防抖动识别循环出错: name 'math' is not defined
2026-02-15 00:58:39 - utils.logger - ERROR - 防抖动识别循环出错: name 'math' is not defined
2026-02-15 00:58:39 - utils.logger - ERROR - 防抖动识别循环出错: name 'math' is not defined
2026-02-15 00:58:40 - utils.logger - ERROR - 防抖动识别循环出错: name 'math' is not defined
2026-02-15 00:58:40 - utils.logger - ERROR - 防抖动识别循环出错: name 'math' is not defined
2026-02-15 00:58:40 - utils.logger - ERROR - 防抖动识别循环出错: name 'math' is not defined
2026-02-15 00:58:40 - utils.logger - ERROR - 防抖动识别循环出错: name 'math' is not defined
2026-02-15 00:58:40 - utils.logger - ERROR - 防抖动识别循环出错: name 'math' is not defined
2026-02-15 00:58:40 - utils.logger - ERROR - 防抖动识别循环出错: name 'math' is not defined
2026-02-15 00:58:40 - utils.logger - ERROR - 防抖动识别循环出错: name 'math' is not defined
2026-02-15 00:58:44 - utils.logger - INFO - 程序正在关闭...
2026-02-15 00:58:44 - utils.logger - INFO - 资源已释放，程序退出
2026-02-15 00:59:17 - utils.logger - INFO - 主窗口初始化完成
2026-02-15 00:59:44 - utils.logger - INFO - 手势识别已启动
2026-02-15 00:59:49 - utils.logger - INFO - 鼠标控制已开启
2026-02-15 01:02:05 - utils.logger - INFO - 手势识别已启动
